<?xml version="1.0" encoding="UTF-8"?>
<!-- Generated by org.testng.reporters.JUnitXMLReporter -->
<testsuite ignored="0" hostname="DESKTOP-8L19U7K" failures="0" tests="5" name="Test" time="63.989" errors="0" timestamp="2024-09-17T23:29:44 GMT-07:00">
  <testcase classname="testCases.TC001_Login" name="loginTest" time="5.241"/>
  <testcase classname="testCases.TC001_Login" name="loginTest" time="6.709"/>
  <testcase classname="testCases.TC003_AddEmployee" name="addEmployee" time="24.651"/>
  <testcase classname="testCases.TC001_Login" name="loginTest" time="7.1"/>
  <testcase classname="testCases.TC002_ChangePassword" name="changePassword" time="2.119"/>
</testsuite> <!-- Test -->
