<?xml version="1.0" encoding="UTF-8"?>
<!-- Generated by org.testng.reporters.JUnitXMLReporter -->
<testsuite ignored="0" hostname="DESKTOP-8L19U7K" failures="0" tests="5" name="edgeTest" time="109.351" errors="0" timestamp="2024-08-29T04:49:17 GMT-07:00">
  <testcase classname="testCases.TC001_Login" name="loginTest" time="7.685"/>
  <testcase classname="testCases.TC003_AddEmployee" name="addEmployee" time="27.748"/>
  <testcase classname="testCases.TC001_Login" name="loginTest" time="8.791"/>
  <testcase classname="testCases.TC002_ChangePassword" name="changePassword" time="3.347"/>
  <testcase classname="testCases.TC001_Login" name="loginTest" time="6.989"/>
</testsuite> <!-- edgeTest -->
