<?xml version="1.0" encoding="UTF-8"?>
<!-- Generated by org.testng.reporters.JUnitXMLReporter -->
<testsuite ignored="0" hostname="DESKTOP-8L19U7K" failures="0" tests="5" name="firefoxTest" time="109.756" errors="0" timestamp="2024-08-29T04:49:47 GMT-07:00">
  <testcase classname="testCases.TC001_Login" name="loginTest" time="7.757"/>
  <testcase classname="testCases.TC003_AddEmployee" name="addEmployee" time="28.829"/>
  <testcase classname="testCases.TC001_Login" name="loginTest" time="10.235"/>
  <testcase classname="testCases.TC002_ChangePassword" name="changePassword" time="1.782"/>
  <testcase classname="testCases.TC001_Login" name="loginTest" time="7.063"/>
</testsuite> <!-- firefoxTest -->
