<?xml version="1.0" encoding="UTF-8"?>
<!-- Generated by org.testng.reporters.JUnitXMLReporter -->
<testsuite ignored="0" hostname="DESKTOP-8L19U7K" failures="0" tests="5" name="Test" time="92.112" errors="0" timestamp="2024-08-29T04:42:03 GMT-07:00">
  <testcase classname="testCases.TC001_Login" name="loginTest" time="7.0"/>
  <testcase classname="testCases.TC003_AddEmployee" name="addEmployee" time="23.894"/>
  <testcase classname="testCases.TC001_Login" name="loginTest" time="7.251"/>
  <testcase classname="testCases.TC002_ChangePassword" name="changePassword" time="1.657"/>
  <testcase classname="testCases.TC001_Login" name="loginTest" time="6.934"/>
</testsuite> <!-- Test -->
