<?xml version="1.0" encoding="UTF-8"?>
<!-- Generated by org.testng.reporters.JUnitXMLReporter -->
<testsuite ignored="2" hostname="DESKTOP-8L19U7K" failures="0" tests="3" name="Test" time="40.145" errors="0" timestamp="2024-09-10T00:15:23 GMT-07:00">
  <testcase classname="testCases.TC001_Login" name="loginTest" time="5.111"/>
  <testcase classname="testCases.TC001_Login" name="loginTest" time="5.062"/>
  <testcase classname="testCases.TC001_Login" name="loginTest" time="5.89"/>
  <testcase classname="testCases.TC003_AddEmployee" name="addEmployee" time="0.0">
    <ignored/>
  </testcase> <!-- addEmployee -->
  <testcase classname="testCases.TC002_ChangePassword" name="changePassword" time="0.0">
    <ignored/>
  </testcase> <!-- changePassword -->
</testsuite> <!-- Test -->
