<?xml version="1.0" encoding="UTF-8"?>
<testng-results ignored="0" total="5" passed="5" failed="0" skipped="0">
  <reporter-output>
  </reporter-output>
  <suite started-at="2024-09-17T23:28:38 GMT-07:00" name="Master Suite" finished-at="2024-09-17T23:29:42 GMT-07:00" duration-ms="63989">
    <groups>
      <group name="Master">
        <method signature="TC001_Login.loginTest()[pri:0, instance:testCases.TC001_Login@5cde6747]" name="loginTest" class="testCases.TC001_Login"/>
        <method signature="TC001_Login.loginTest()[pri:0, instance:testCases.TC002_ChangePassword@2d96543c]" name="loginTest" class="testCases.TC001_Login"/>
        <method signature="TC001_Login.loginTest()[pri:0, instance:testCases.TC003_AddEmployee@1fdf1c5]" name="loginTest" class="testCases.TC001_Login"/>
      </group> <!-- Master -->
      <group name="Sanity">
        <method signature="TC002_ChangePassword.changePassword()[pri:0, instance:testCases.TC002_ChangePassword@2d96543c]" name="changePassword" class="testCases.TC002_ChangePassword"/>
      </group> <!-- Sanity -->
      <group name="Regression">
        <method signature="TC003_AddEmployee.addEmployee()[pri:0, instance:testCases.TC003_AddEmployee@1fdf1c5]" name="addEmployee" class="testCases.TC003_AddEmployee"/>
      </group> <!-- Regression -->
    </groups>
    <test started-at="2024-09-17T23:28:38 GMT-07:00" name="Test" finished-at="2024-09-17T23:29:42 GMT-07:00" duration-ms="63989">
      <class name="testCases.TC002_ChangePassword">
        <test-method is-config="true" signature="setUp(java.lang.String,java.lang.String)[pri:0, instance:testCases.TC002_ChangePassword@2d96543c]" started-at="2024-09-17T23:29:27 GMT-07:00" name="setUp" finished-at="2024-09-17T23:29:32 GMT-07:00" duration-ms="4908" status="PASS">
          <params>
            <param index="0">
              <value>
                <![CDATA[Windows]]>
              </value>
            </param>
            <param index="1">
              <value>
                <![CDATA[chrome]]>
              </value>
            </param>
          </params>
          <reporter-output>
          </reporter-output>
        </test-method> <!-- setUp -->
        <test-method signature="loginTest()[pri:0, instance:testCases.TC002_ChangePassword@2d96543c]" started-at="2024-09-17T23:29:32 GMT-07:00" name="loginTest" finished-at="2024-09-17T23:29:39 GMT-07:00" duration-ms="7100" status="PASS">
          <reporter-output>
          </reporter-output>
        </test-method> <!-- loginTest -->
        <test-method signature="changePassword()[pri:0, instance:testCases.TC002_ChangePassword@2d96543c]" started-at="2024-09-17T23:29:39 GMT-07:00" name="changePassword" finished-at="2024-09-17T23:29:41 GMT-07:00" duration-ms="2119" status="PASS">
          <reporter-output>
          </reporter-output>
        </test-method> <!-- changePassword -->
        <test-method is-config="true" signature="tearDown()[pri:0, instance:testCases.TC002_ChangePassword@2d96543c]" started-at="2024-09-17T23:29:41 GMT-07:00" name="tearDown" finished-at="2024-09-17T23:29:42 GMT-07:00" duration-ms="412" status="PASS">
          <reporter-output>
          </reporter-output>
        </test-method> <!-- tearDown -->
      </class> <!-- testCases.TC002_ChangePassword -->
      <class name="testCases.TC003_AddEmployee">
        <test-method is-config="true" signature="setUp(java.lang.String,java.lang.String)[pri:0, instance:testCases.TC003_AddEmployee@1fdf1c5]" started-at="2024-09-17T23:28:50 GMT-07:00" name="setUp" finished-at="2024-09-17T23:28:55 GMT-07:00" duration-ms="5095" status="PASS">
          <params>
            <param index="0">
              <value>
                <![CDATA[Windows]]>
              </value>
            </param>
            <param index="1">
              <value>
                <![CDATA[chrome]]>
              </value>
            </param>
          </params>
          <reporter-output>
          </reporter-output>
        </test-method> <!-- setUp -->
        <test-method signature="loginTest()[pri:0, instance:testCases.TC003_AddEmployee@1fdf1c5]" started-at="2024-09-17T23:28:55 GMT-07:00" name="loginTest" finished-at="2024-09-17T23:29:02 GMT-07:00" duration-ms="6709" status="PASS">
          <reporter-output>
          </reporter-output>
        </test-method> <!-- loginTest -->
        <test-method signature="addEmployee()[pri:0, instance:testCases.TC003_AddEmployee@1fdf1c5]" started-at="2024-09-17T23:29:02 GMT-07:00" name="addEmployee" finished-at="2024-09-17T23:29:27 GMT-07:00" duration-ms="24651" status="PASS">
          <reporter-output>
          </reporter-output>
        </test-method> <!-- addEmployee -->
        <test-method is-config="true" signature="tearDown()[pri:0, instance:testCases.TC003_AddEmployee@1fdf1c5]" started-at="2024-09-17T23:29:27 GMT-07:00" name="tearDown" finished-at="2024-09-17T23:29:27 GMT-07:00" duration-ms="356" status="PASS">
          <reporter-output>
          </reporter-output>
        </test-method> <!-- tearDown -->
      </class> <!-- testCases.TC003_AddEmployee -->
      <class name="testCases.TC001_Login">
        <test-method is-config="true" signature="setUp(java.lang.String,java.lang.String)[pri:0, instance:testCases.TC001_Login@5cde6747]" started-at="2024-09-17T23:28:38 GMT-07:00" name="setUp" finished-at="2024-09-17T23:28:45 GMT-07:00" duration-ms="6462" status="PASS">
          <params>
            <param index="0">
              <value>
                <![CDATA[Windows]]>
              </value>
            </param>
            <param index="1">
              <value>
                <![CDATA[chrome]]>
              </value>
            </param>
          </params>
          <reporter-output>
          </reporter-output>
        </test-method> <!-- setUp -->
        <test-method signature="loginTest()[pri:0, instance:testCases.TC001_Login@5cde6747]" started-at="2024-09-17T23:28:45 GMT-07:00" name="loginTest" finished-at="2024-09-17T23:28:50 GMT-07:00" duration-ms="5241" status="PASS">
          <reporter-output>
          </reporter-output>
        </test-method> <!-- loginTest -->
        <test-method is-config="true" signature="tearDown()[pri:0, instance:testCases.TC001_Login@5cde6747]" started-at="2024-09-17T23:28:50 GMT-07:00" name="tearDown" finished-at="2024-09-17T23:28:50 GMT-07:00" duration-ms="324" status="PASS">
          <reporter-output>
          </reporter-output>
        </test-method> <!-- tearDown -->
      </class> <!-- testCases.TC001_Login -->
    </test> <!-- Test -->
  </suite> <!-- Master Suite -->
</testng-results>
