<?xml version="1.0" encoding="UTF-8"?>
<testng-results ignored="0" total="1" passed="1" failed="0" skipped="0">
  <reporter-output>
  </reporter-output>
  <suite started-at="2024-09-17T23:00:52 GMT-07:00" name="Master Suite" finished-at="2024-09-17T23:01:10 GMT-07:00" duration-ms="17655">
    <groups>
      <group name="Master">
        <method signature="TC001_Login.loginTest()[pri:0, instance:testCases.TC001_Login@55795845]" name="loginTest" class="testCases.TC001_Login"/>
      </group> <!-- Master -->
    </groups>
    <test started-at="2024-09-17T23:00:52 GMT-07:00" name="Test" finished-at="2024-09-17T23:01:10 GMT-07:00" duration-ms="17655">
      <class name="testCases.TC001_Login">
        <test-method is-config="true" signature="setUp(java.lang.String,java.lang.String)[pri:0, instance:testCases.TC001_Login@55795845]" started-at="2024-09-17T23:00:52 GMT-07:00" name="setUp" finished-at="2024-09-17T23:01:03 GMT-07:00" duration-ms="10140" status="PASS">
          <params>
            <param index="0">
              <value>
                <![CDATA[Windows]]>
              </value>
            </param>
            <param index="1">
              <value>
                <![CDATA[chrome]]>
              </value>
            </param>
          </params>
          <reporter-output>
          </reporter-output>
        </test-method> <!-- setUp -->
        <test-method signature="loginTest()[pri:0, instance:testCases.TC001_Login@55795845]" started-at="2024-09-17T23:01:03 GMT-07:00" name="loginTest" finished-at="2024-09-17T23:01:09 GMT-07:00" duration-ms="6633" status="PASS">
          <reporter-output>
          </reporter-output>
        </test-method> <!-- loginTest -->
        <test-method is-config="true" signature="tearDown()[pri:0, instance:testCases.TC001_Login@55795845]" started-at="2024-09-17T23:01:09 GMT-07:00" name="tearDown" finished-at="2024-09-17T23:01:10 GMT-07:00" duration-ms="299" status="PASS">
          <reporter-output>
          </reporter-output>
        </test-method> <!-- tearDown -->
      </class> <!-- testCases.TC001_Login -->
    </test> <!-- Test -->
  </suite> <!-- Master Suite -->
</testng-results>
