<?xml version="1.0" encoding="UTF-8"?>
<!-- Generated by org.testng.reporters.JUnitXMLReporter -->
<testsuite ignored="1" hostname="DESKTOP-8L19U7K" failures="3" tests="3" name="edgeTest(failed)" time="70.731" errors="0" timestamp="2024-09-11T20:59:14 GMT-07:00">
  <testcase classname="testCases.TC003_AddEmployee" name="addEmployee" time="26.736">
    <failure type="java.lang.AssertionError" message="null">
      <![CDATA[java.lang.AssertionError: null
at testCases.TC003_AddEmployee.addEmployee(TC003_AddEmployee.java:69)
at java.base/java.util.ArrayList.forEach(ArrayList.java:1511)
at java.base/java.util.concurrent.FutureTask.run(FutureTask.java:264)
at java.base/java.util.concurrent.ThreadPoolExecutor.runWorker(ThreadPoolExecutor.java:1136)
at java.base/java.util.concurrent.ThreadPoolExecutor$Worker.run(ThreadPoolExecutor.java:635)
at java.base/java.lang.Thread.run(Thread.java:840)
... Removed 19 stack frames]]>
    </failure>
  </testcase> <!-- addEmployee -->
  <testcase classname="testCases.TC001_Login" name="loginTest" time="12.591">
    <failure type="java.lang.AssertionError" message="null">
      <![CDATA[java.lang.AssertionError: null
at testCases.TC001_Login.loginTest(TC001_Login.java:46)
at java.base/java.util.ArrayList.forEach(ArrayList.java:1511)
at java.base/java.util.concurrent.FutureTask.run(FutureTask.java:264)
at java.base/java.util.concurrent.ThreadPoolExecutor.runWorker(ThreadPoolExecutor.java:1136)
at java.base/java.util.concurrent.ThreadPoolExecutor$Worker.run(ThreadPoolExecutor.java:635)
at java.base/java.lang.Thread.run(Thread.java:840)
... Removed 19 stack frames]]>
    </failure>
  </testcase> <!-- loginTest -->
  <testcase classname="testCases.TC002_ChangePassword" name="changePassword" time="0.221">
    <failure type="java.lang.AssertionError" message="null">
      <![CDATA[java.lang.AssertionError: null
at testCases.TC002_ChangePassword.changePassword(TC002_ChangePassword.java:37)
at java.base/java.util.ArrayList.forEach(ArrayList.java:1511)
at java.base/java.util.concurrent.FutureTask.run(FutureTask.java:264)
at java.base/java.util.concurrent.ThreadPoolExecutor.runWorker(ThreadPoolExecutor.java:1136)
at java.base/java.util.concurrent.ThreadPoolExecutor$Worker.run(ThreadPoolExecutor.java:635)
at java.base/java.lang.Thread.run(Thread.java:840)
... Removed 19 stack frames]]>
    </failure>
  </testcase> <!-- changePassword -->
  <testcase classname="testCases.TC001_Login" name="loginTest" time="0.0">
    <ignored/>
  </testcase> <!-- loginTest -->
</testsuite> <!-- edgeTest(failed) -->
